[INFO  - 2021-08-18T08:23:14.828Z] GhostDriver - Main - running on port 63677
[INFO  - 2021-08-18T08:23:19.096Z] Session [8b207120-fffd-11eb-baac-4b7ced77b727] - page.settings - {"XSSAuditingEnabled":false,"javascriptCanCloseWindows":true,"javascriptCanOpenWindows":true,"javascriptEnabled":true,"loadImages":true,"localToRemoteUrlAccessEnabled":false,"userAgent":"Mozilla/5.0 (Windows NT 6.2; WOW64) AppleWebKit/538.1 (KHTML, like Gecko) PhantomJS/2.1.1 Safari/538.1","webSecurityEnabled":true}
[INFO  - 2021-08-18T08:23:19.096Z] Session [8b207120-fffd-11eb-baac-4b7ced77b727] - page.customHeaders:  - {}
[INFO  - 2021-08-18T08:23:19.096Z] Session [8b207120-fffd-11eb-baac-4b7ced77b727] - Session.negotiatedCapabilities - {"browserName":"phantomjs","version":"2.1.1","driverName":"ghostdriver","driverVersion":"1.2.0","platform":"windows-10-32bit","javascriptEnabled":true,"takesScreenshot":true,"handlesAlerts":false,"databaseEnabled":false,"locationContextEnabled":false,"applicationCacheEnabled":false,"browserConnectionEnabled":false,"cssSelectorsEnabled":true,"webStorageEnabled":false,"rotatable":false,"acceptSslCerts":false,"nativeEvents":true,"proxy":{"proxyType":"direct"}}
[INFO  - 2021-08-18T08:23:19.096Z] SessionManagerReqHand - _postNewSessionCommand - New Session Created: 8b207120-fffd-11eb-baac-4b7ced77b727
[ERROR - 2021-08-18T08:23:20.180Z] Session [8b207120-fffd-11eb-baac-4b7ced77b727] - page.onError - msg: TypeError: undefined is not a constructor (evaluating 'Object.assign(config.carodaTargetingProfile, {
  random: Math.floor(Math.random() * 1e9) % 1e9,
  timestamp: Date.now()
})')

  phantomjs://platform/console++.js:263 in error
[ERROR - 2021-08-18T08:23:20.180Z] Session [8b207120-fffd-11eb-baac-4b7ced77b727] - page.onError - stack:
  (anonymous function) (https://publisher.caroda.io/videoPlayer/caroda.min.js?ctok=3008ef43120d4d6f28487aa9e4805787b0e7f3f9479145beee72fcbbee1ec9&domain=radia.sk:4)

  phantomjs://platform/console++.js:263 in error
[ERROR - 2021-08-18T08:23:21.659Z] Session [8b207120-fffd-11eb-baac-4b7ced77b727] - page.onError - msg: TypeError: undefined is not a constructor (evaluating 'Object.assign(config.carodaTargetingProfile, {
  random: Math.floor(Math.random() * 1e9) % 1e9,
  timestamp: Date.now()
})')

  phantomjs://platform/console++.js:263 in error
[ERROR - 2021-08-18T08:23:21.659Z] Session [8b207120-fffd-11eb-baac-4b7ced77b727] - page.onError - stack:
  (anonymous function) (https://publisher.caroda.io/videoPlayer/caroda.min.js?ctok=3008ef43120d4d6f28487aa9e4805787b0e7f3f9479145beee72fcbbee1ec9&domain=radia.sk:4)

  phantomjs://platform/console++.js:263 in error
[ERROR - 2021-08-18T08:23:21.941Z] Session [8b207120-fffd-11eb-baac-4b7ced77b727] - page.onError - msg: TypeError: undefined is not a constructor (evaluating 'Object.assign(config.carodaTargetingProfile, {
  random: Math.floor(Math.random() * 1e9) % 1e9,
  timestamp: Date.now()
})')

  phantomjs://platform/console++.js:263 in error
[ERROR - 2021-08-18T08:23:21.941Z] Session [8b207120-fffd-11eb-baac-4b7ced77b727] - page.onError - stack:
  (anonymous function) (https://publisher.caroda.io/videoPlayer/caroda.min.js?ctok=3008ef43120d4d6f28487aa9e4805787b0e7f3f9479145beee72fcbbee1ec9&domain=radia.sk:4)

  phantomjs://platform/console++.js:263 in error
[ERROR - 2021-08-18T08:23:23.114Z] Session [8b207120-fffd-11eb-baac-4b7ced77b727] - page.onError - msg: TypeError: undefined is not a constructor (evaluating 'Object.assign(config.carodaTargetingProfile, {
  random: Math.floor(Math.random() * 1e9) % 1e9,
  timestamp: Date.now()
})')

  phantomjs://platform/console++.js:263 in error
[ERROR - 2021-08-18T08:23:23.114Z] Session [8b207120-fffd-11eb-baac-4b7ced77b727] - page.onError - stack:
  (anonymous function) (https://publisher.caroda.io/videoPlayer/caroda.min.js?ctok=3008ef43120d4d6f28487aa9e4805787b0e7f3f9479145beee72fcbbee1ec9&domain=radia.sk:4)

  phantomjs://platform/console++.js:263 in error
[ERROR - 2021-08-18T08:23:27.353Z] Session [8b207120-fffd-11eb-baac-4b7ced77b727] - page.onError - msg: TypeError: undefined is not a constructor (evaluating 'Object.assign(config.carodaTargetingProfile, {
  random: Math.floor(Math.random() * 1e9) % 1e9,
  timestamp: Date.now()
})')

  phantomjs://platform/console++.js:263 in error
[ERROR - 2021-08-18T08:23:27.353Z] Session [8b207120-fffd-11eb-baac-4b7ced77b727] - page.onError - stack:
  (anonymous function) (https://publisher.caroda.io/videoPlayer/caroda.min.js?ctok=3008ef43120d4d6f28487aa9e4805787b0e7f3f9479145beee72fcbbee1ec9&domain=radia.sk:4)

  phantomjs://platform/console++.js:263 in error
[ERROR - 2021-08-18T08:23:27.883Z] Session [8b207120-fffd-11eb-baac-4b7ced77b727] - page.onError - msg: TypeError: undefined is not a constructor (evaluating 'Object.assign(config.carodaTargetingProfile, {
  random: Math.floor(Math.random() * 1e9) % 1e9,
  timestamp: Date.now()
})')

  phantomjs://platform/console++.js:263 in error
[ERROR - 2021-08-18T08:23:27.883Z] Session [8b207120-fffd-11eb-baac-4b7ced77b727] - page.onError - stack:
  (anonymous function) (https://publisher.caroda.io/videoPlayer/caroda.min.js?ctok=3008ef43120d4d6f28487aa9e4805787b0e7f3f9479145beee72fcbbee1ec9&domain=radia.sk:4)

  phantomjs://platform/console++.js:263 in error
[ERROR - 2021-08-18T08:23:29.128Z] Session [8b207120-fffd-11eb-baac-4b7ced77b727] - page.onError - msg: TypeError: undefined is not a constructor (evaluating 'Object.assign(config.carodaTargetingProfile, {
  random: Math.floor(Math.random() * 1e9) % 1e9,
  timestamp: Date.now()
})')

  phantomjs://platform/console++.js:263 in error
[ERROR - 2021-08-18T08:23:29.128Z] Session [8b207120-fffd-11eb-baac-4b7ced77b727] - page.onError - stack:
  (anonymous function) (https://publisher.caroda.io/videoPlayer/caroda.min.js?ctok=3008ef43120d4d6f28487aa9e4805787b0e7f3f9479145beee72fcbbee1ec9&domain=radia.sk:4)

  phantomjs://platform/console++.js:263 in error
[ERROR - 2021-08-18T08:23:30.229Z] Session [8b207120-fffd-11eb-baac-4b7ced77b727] - page.onError - msg: TypeError: undefined is not a constructor (evaluating 'Object.assign(config.carodaTargetingProfile, {
  random: Math.floor(Math.random() * 1e9) % 1e9,
  timestamp: Date.now()
})')

  phantomjs://platform/console++.js:263 in error
[ERROR - 2021-08-18T08:23:30.229Z] Session [8b207120-fffd-11eb-baac-4b7ced77b727] - page.onError - stack:
  (anonymous function) (https://publisher.caroda.io/videoPlayer/caroda.min.js?ctok=3008ef43120d4d6f28487aa9e4805787b0e7f3f9479145beee72fcbbee1ec9&domain=radia.sk:4)

  phantomjs://platform/console++.js:263 in error
[ERROR - 2021-08-18T08:23:31.582Z] Session [8b207120-fffd-11eb-baac-4b7ced77b727] - page.onError - msg: TypeError: undefined is not a constructor (evaluating 'Object.assign(config.carodaTargetingProfile, {
  random: Math.floor(Math.random() * 1e9) % 1e9,
  timestamp: Date.now()
})')

  phantomjs://platform/console++.js:263 in error
[ERROR - 2021-08-18T08:23:31.582Z] Session [8b207120-fffd-11eb-baac-4b7ced77b727] - page.onError - stack:
  (anonymous function) (https://publisher.caroda.io/videoPlayer/caroda.min.js?ctok=3008ef43120d4d6f28487aa9e4805787b0e7f3f9479145beee72fcbbee1ec9&domain=radia.sk:4)

  phantomjs://platform/console++.js:263 in error
[ERROR - 2021-08-18T08:23:32.780Z] Session [8b207120-fffd-11eb-baac-4b7ced77b727] - page.onError - msg: TypeError: undefined is not a constructor (evaluating 'Object.assign(config.carodaTargetingProfile, {
  random: Math.floor(Math.random() * 1e9) % 1e9,
  timestamp: Date.now()
})')

  phantomjs://platform/console++.js:263 in error
[ERROR - 2021-08-18T08:23:32.780Z] Session [8b207120-fffd-11eb-baac-4b7ced77b727] - page.onError - stack:
  (anonymous function) (https://publisher.caroda.io/videoPlayer/caroda.min.js?ctok=3008ef43120d4d6f28487aa9e4805787b0e7f3f9479145beee72fcbbee1ec9&domain=radia.sk:4)

  phantomjs://platform/console++.js:263 in error
